# JRE version: OpenJDK Runtime Environment (8.0_202-b03) (build 1.8.0_202-release-1483-b03)
# Java VM: OpenJDK 64-Bit Server VM (25.202-b03 mixed mode windows-amd64 compressed oops)
Heap:
 PSYoungGen      total 385024K, used 28884K [0x00000000e0000000, 0x00000000fa100000, 0x0000000100000000)
  eden space 349184K, 1% used [0x00000000e0000000,0x00000000e03eca88,0x00000000f5500000)
  from space 35840K, 69% used [0x00000000f5500000,0x00000000f6d485d0,0x00000000f7800000)
  to   space 35328K, 0% used [0x00000000f7e80000,0x00000000f7e80000,0x00000000fa100000)
 ParOldGen       total 754688K, used 79538K [0x00000000a0000000, 0x00000000ce100000, 0x00000000e0000000)
  object space 754688K, 10% used [0x00000000a0000000,0x00000000a4dac858,0x00000000ce100000)
 Metaspace       used 101439K, capacity 109306K, committed 109608K, reserved 1144832K
  class space    used 12928K, capacity 14259K, committed 14376K, reserved 1048576K
GC Heap History (10 events):
Event: 2272.848 GC heap before
{Heap before GC invocations=23 (full 4):
 PSYoungGen      total 376320K, used 361121K [0x00000000e0000000, 0x00000000f9a80000, 0x0000000100000000)
  eden space 339456K, 100% used [0x00000000e0000000,0x00000000f4b80000,0x00000000f4b80000)
  from space 36864K, 58% used [0x00000000f7680000,0x00000000f8ba8548,0x00000000f9a80000)
  to   space 40448K, 0% used [0x00000000f4b80000,0x00000000f4b80000,0x00000000f7300000)
 ParOldGen       total 754688K, used 79498K [0x00000000a0000000, 0x00000000ce100000, 0x00000000e0000000)
  object space 754688K, 10% used [0x00000000a0000000,0x00000000a4da2858,0x00000000ce100000)
 Metaspace       used 99314K, capacity 106316K, committed 106408K, reserved 1142784K
  class space    used 12744K, capacity 13961K, committed 13992K, reserved 1048576K
Event: 2272.863 GC heap after
Heap after GC invocations=23 (full 4):
 PSYoungGen      total 379904K, used 20353K [0x00000000e0000000, 0x00000000f9d00000, 0x0000000100000000)
  eden space 339456K, 0% used [0x00000000e0000000,0x00000000e0000000,0x00000000f4b80000)
  from space 40448K, 50% used [0x00000000f4b80000,0x00000000f5f60548,0x00000000f7300000)
  to   space 38912K, 0% used [0x00000000f7700000,0x00000000f7700000,0x00000000f9d00000)
 ParOldGen       total 754688K, used 79506K [0x00000000a0000000, 0x00000000ce100000, 0x00000000e0000000)
  object space 754688K, 10% used [0x00000000a0000000,0x00000000a4da4858,0x00000000ce100000)
 Metaspace       used 99314K, capacity 106316K, committed 106408K, reserved 1142784K
  class space    used 12744K, capacity 13961K, committed 13992K, reserved 1048576K
}
Event: 2319.802 GC heap before
{Heap before GC invocations=24 (full 4):
 PSYoungGen      total 379904K, used 359809K [0x00000000e0000000, 0x00000000f9d00000, 0x0000000100000000)
  eden space 339456K, 100% used [0x00000000e0000000,0x00000000f4b80000,0x00000000f4b80000)
  from space 40448K, 50% used [0x00000000f4b80000,0x00000000f5f60548,0x00000000f7300000)
  to   space 38912K, 0% used [0x00000000f7700000,0x00000000f7700000,0x00000000f9d00000)
 ParOldGen       total 754688K, used 79506K [0x00000000a0000000, 0x00000000ce100000, 0x00000000e0000000)
  object space 754688K, 10% used [0x00000000a0000000,0x00000000a4da4858,0x00000000ce100000)
 Metaspace       used 99693K, capacity 106978K, committed 107048K, reserved 1142784K
  class space    used 12792K, capacity 14050K, committed 14120K, reserved 1048576K
Event: 2319.815 GC heap after
Heap after GC invocations=24 (full 4):
 PSYoungGen      total 379904K, used 21905K [0x00000000e0000000, 0x00000000f9a00000, 0x0000000100000000)
  eden space 344064K, 0% used [0x00000000e0000000,0x00000000e0000000,0x00000000f5000000)
  from space 35840K, 61% used [0x00000000f7700000,0x00000000f8c64580,0x00000000f9a00000)
  to   space 37888K, 0% used [0x00000000f5000000,0x00000000f5000000,0x00000000f7500000)
 ParOldGen       total 754688K, used 79514K [0x00000000a0000000, 0x00000000ce100000, 0x00000000e0000000)
  object space 754688K, 10% used [0x00000000a0000000,0x00000000a4da6858,0x00000000ce100000)
 Metaspace       used 99693K, capacity 106978K, committed 107048K, reserved 1142784K
  class space    used 12792K, capacity 14050K, committed 14120K, reserved 1048576K
}
Event: 2677.479 GC heap before
{Heap before GC invocations=25 (full 4):
 PSYoungGen      total 379904K, used 365969K [0x00000000e0000000, 0x00000000f9a00000, 0x0000000100000000)
  eden space 344064K, 100% used [0x00000000e0000000,0x00000000f5000000,0x00000000f5000000)
  from space 35840K, 61% used [0x00000000f7700000,0x00000000f8c64580,0x00000000f9a00000)
  to   space 37888K, 0% used [0x00000000f5000000,0x00000000f5000000,0x00000000f7500000)
 ParOldGen       total 754688K, used 79514K [0x00000000a0000000, 0x00000000ce100000, 0x00000000e0000000)
  object space 754688K, 10% used [0x00000000a0000000,0x00000000a4da6858,0x00000000ce100000)
 Metaspace       used 100894K, capacity 108618K, committed 108840K, reserved 1144832K
  class space    used 12924K, capacity 14257K, committed 14376K, reserved 1048576K
Event: 2677.491 GC heap after
Heap after GC invocations=25 (full 4):
 PSYoungGen      total 381952K, used 25744K [0x00000000e0000000, 0x00000000f9c80000, 0x0000000100000000)
  eden space 344064K, 0% used [0x00000000e0000000,0x00000000e0000000,0x00000000f5000000)
  from space 37888K, 67% used [0x00000000f5000000,0x00000000f6924148,0x00000000f7500000)
  to   space 37376K, 0% used [0x00000000f7800000,0x00000000f7800000,0x00000000f9c80000)
 ParOldGen       total 754688K, used 79522K [0x00000000a0000000, 0x00000000ce100000, 0x00000000e0000000)
  object space 754688K, 10% used [0x00000000a0000000,0x00000000a4da8858,0x00000000ce100000)
 Metaspace       used 100894K, capacity 108618K, committed 108840K, reserved 1144832K
  class space    used 12924K, capacity 14257K, committed 14376K, reserved 1048576K
}
Event: 2680.471 GC heap before
{Heap before GC invocations=26 (full 4):
 PSYoungGen      total 381952K, used 369808K [0x00000000e0000000, 0x00000000f9c80000, 0x0000000100000000)
  eden space 344064K, 100% used [0x00000000e0000000,0x00000000f5000000,0x00000000f5000000)
  from space 37888K, 67% used [0x00000000f5000000,0x00000000f6924148,0x00000000f7500000)
  to   space 37376K, 0% used [0x00000000f7800000,0x00000000f7800000,0x00000000f9c80000)
 ParOldGen       total 754688K, used 79522K [0x00000000a0000000, 0x00000000ce100000, 0x00000000e0000000)
  object space 754688K, 10% used [0x00000000a0000000,0x00000000a4da8858,0x00000000ce100000)
 Metaspace       used 100970K, capacity 108762K, committed 109096K, reserved 1144832K
  class space    used 12925K, capacity 14259K, committed 14376K, reserved 1048576K
Event: 2680.484 GC heap after
Heap after GC invocations=26 (full 4):
 PSYoungGen      total 386560K, used 23216K [0x00000000e0000000, 0x00000000f9e00000, 0x0000000100000000)
  eden space 349184K, 0% used [0x00000000e0000000,0x00000000e0000000,0x00000000f5500000)
  from space 37376K, 62% used [0x00000000f7800000,0x00000000f8eac200,0x00000000f9c80000)
  to   space 35840K, 0% used [0x00000000f5500000,0x00000000f5500000,0x00000000f7800000)
 ParOldGen       total 754688K, used 79530K [0x00000000a0000000, 0x00000000ce100000, 0x00000000e0000000)
  object space 754688K, 10% used [0x00000000a0000000,0x00000000a4daa858,0x00000000ce100000)
 Metaspace       used 100970K, capacity 108762K, committed 109096K, reserved 1144832K
  class space    used 12925K, capacity 14259K, committed 14376K, reserved 1048576K
}
Event: 2710.352 GC heap before
{Heap before GC invocations=27 (full 4):
 PSYoungGen      total 386560K, used 372400K [0x00000000e0000000, 0x00000000f9e00000, 0x0000000100000000)
  eden space 349184K, 100% used [0x00000000e0000000,0x00000000f5500000,0x00000000f5500000)
  from space 37376K, 62% used [0x00000000f7800000,0x00000000f8eac200,0x00000000f9c80000)
  to   space 35840K, 0% used [0x00000000f5500000,0x00000000f5500000,0x00000000f7800000)
 ParOldGen       total 754688K, used 79530K [0x00000000a0000000, 0x00000000ce100000, 0x00000000e0000000)
  object space 754688K, 10% used [0x00000000a0000000,0x00000000a4daa858,0x00000000ce100000)
 Metaspace       used 101439K, capacity 109306K, committed 109608K, reserved 1144832K
  class space    used 12928K, capacity 14259K, committed 14376K, reserved 1048576K
Event: 2710.369 GC heap after
Heap after GC invocations=27 (full 4):
 PSYoungGen      total 385024K, used 24865K [0x00000000e0000000, 0x00000000fa100000, 0x0000000100000000)
  eden space 349184K, 0% used [0x00000000e0000000,0x00000000e0000000,0x00000000f5500000)
  from space 35840K, 69% used [0x00000000f5500000,0x00000000f6d485d0,0x00000000f7800000)
  to   space 35328K, 0% used [0x00000000f7e80000,0x00000000f7e80000,0x00000000fa100000)
 ParOldGen       total 754688K, used 79538K [0x00000000a0000000, 0x00000000ce100000, 0x00000000e0000000)
  object space 754688K, 10% used [0x00000000a0000000,0x00000000a4dac858,0x00000000ce100000)
 Metaspace       used 101439K, capacity 109306K, committed 109608K, reserved 1144832K
  class space    used 12928K, capacity 14259K, committed 14376K, reserved 1048576K
}

